f:\2\g2\week3\directxframework\graphics2\x64\debug\graphics2.res
f:\2\g2\backup\2\directxframework\graphics2\x64\debug\graphics2.res
f:\2\g2\week3\directxframework\x64\debug\graphics2.exe
f:\2\g2\week3\directxframework\x64\debug\graphics2.ilk
f:\2\g2\week3\directxframework\x64\debug\graphics2.pdb
f:\2\g2\backup\2\directxframework\x64\debug\graphics2.exe
f:\2\g2\backup\2\directxframework\x64\debug\graphics2.ilk
f:\2\g2\backup\2\directxframework\x64\debug\graphics2.pdb
f:\2\g2\week3\directxframework\graphics2\x64\debug\vc141.pdb
f:\2\g2\week3\directxframework\graphics2\x64\debug\vc141.idb
f:\2\g2\week3\directxframework\graphics2\x64\debug\scenegraph.obj
f:\2\g2\week3\directxframework\graphics2\x64\debug\resourcemanager.obj
f:\2\g2\week3\directxframework\graphics2\x64\debug\meshrenderer.obj
f:\2\g2\week3\directxframework\graphics2\x64\debug\meshnode.obj
f:\2\g2\week3\directxframework\graphics2\x64\debug\mesh.obj
f:\2\g2\week3\directxframework\graphics2\x64\debug\graphics2.obj
f:\2\g2\week3\directxframework\graphics2\x64\debug\directxframework.obj
f:\2\g2\week3\directxframework\graphics2\x64\debug\framework.obj
f:\2\g2\week3\directxframework\graphics2\x64\debug\ddstextureloader.obj
f:\2\g2\backup\2\directxframework\graphics2\x64\debug\vc141.pdb
f:\2\g2\backup\2\directxframework\graphics2\x64\debug\vc141.idb
f:\2\g2\backup\2\directxframework\graphics2\x64\debug\terrainnode.obj
f:\2\g2\backup\2\directxframework\graphics2\x64\debug\scenegraph.obj
f:\2\g2\backup\2\directxframework\graphics2\x64\debug\resourcemanager.obj
f:\2\g2\backup\2\directxframework\graphics2\x64\debug\meshrenderer.obj
f:\2\g2\backup\2\directxframework\graphics2\x64\debug\meshnode.obj
f:\2\g2\backup\2\directxframework\graphics2\x64\debug\mesh.obj
f:\2\g2\backup\2\directxframework\graphics2\x64\debug\graphics2.obj
f:\2\g2\backup\2\directxframework\graphics2\x64\debug\directxframework.obj
f:\2\g2\backup\2\directxframework\graphics2\x64\debug\framework.obj
f:\2\g2\backup\2\directxframework\graphics2\x64\debug\ddstextureloader.obj
f:\2\g2\backup\2\directxframework\graphics2\x64\debug\terrainnode.obj.enc
f:\2\g2\backup\2\directxframework\graphics2\x64\debug\graphics2.tlog\cl.read.1.tlog
f:\2\g2\backup\2\directxframework\graphics2\x64\debug\graphics2.tlog\cl.command.1.tlog
f:\2\g2\backup\2\directxframework\graphics2\x64\debug\graphics2.tlog\rc.read.1.tlog
f:\2\g2\backup\2\directxframework\graphics2\x64\debug\graphics2.tlog\rc.write.1.tlog
f:\2\g2\backup\2\directxframework\graphics2\x64\debug\graphics2.tlog\rc.command.1.tlog
f:\2\g2\backup\2\directxframework\graphics2\x64\debug\graphics2.tlog\link.write.1.tlog
f:\2\g2\backup\2\directxframework\graphics2\x64\debug\graphics2.tlog\link.command.1.tlog
f:\2\g2\backup\2\directxframework\graphics2\x64\debug\graphics2.tlog\link.read.1.tlog
f:\2\g2\backup\2\directxframework\graphics2\x64\debug\graphics2.tlog\cl.write.1.tlog
